17:48:28.668 INFO - Selenium build info: version: '3.8.1', revision: '6e95a6684b'
17:48:28.669 INFO - Launching a standalone Selenium Server
2018-03-04 17:48:29.126:INFO::main: Logging initialized @1412ms to org.seleniumhq.jetty9.util.log.StdErrLog
17:48:29.215 INFO - Using `new FirefoxOptions()` is preferred to `DesiredCapabilities.firefox()`
17:48:29.239 INFO - Using `new ChromeOptions()` is preferred to `DesiredCapabilities.chrome()`
17:48:29.271 INFO - Using `new EdgeOptions()` is preferred to `DesiredCapabilities.edge()`
17:48:29.272 INFO - Driver class not found: com.opera.core.systems.OperaDriver
17:48:29.272 INFO - Using `new OperaOptions()` is preferred to `DesiredCapabilities.operaBlink()`
17:48:29.273 INFO - Using `new SafariOptions()` is preferred to `DesiredCapabilities.safari()`
17:48:29.277 INFO - Driver class not found: org.openqa.selenium.phantomjs.PhantomJSDriver
17:48:29.384 INFO - Driver provider class org.openqa.selenium.ie.InternetExplorerDriver registration is skipped:
 registration capabilities Capabilities {browserName: internet explorer, ensureCleanSession: true, platform: WINDOWS, version: } does not match the current platform MAC
17:48:29.384 INFO - Driver provider class org.openqa.selenium.edge.EdgeDriver registration is skipped:
 registration capabilities Capabilities {browserName: MicrosoftEdge, platform: WINDOWS, version: } does not match the current platform MAC
17:48:29.501 INFO - Using `new ChromeOptions()` is preferred to `DesiredCapabilities.chrome()`
17:48:29.502 INFO - Using `new EdgeOptions()` is preferred to `DesiredCapabilities.edge()`
17:48:29.502 INFO - Using `new FirefoxOptions()` is preferred to `DesiredCapabilities.firefox()`
17:48:29.502 INFO - Using `new OperaOptions()` is preferred to `DesiredCapabilities.operaBlink()`
17:48:29.502 INFO - Using `new SafariOptions()` is preferred to `DesiredCapabilities.safari()`
17:48:29.531 INFO - Using the passthrough mode handler
2018-03-04 17:48:29.566:INFO:osjs.Server:main: jetty-9.4.7.v20170914
2018-03-04 17:48:29.606:WARN:osjs.SecurityHandler:main: ServletContext@o.s.j.s.ServletContextHandler@7ce026d3{/,null,STARTING} has uncovered http methods for path: /
2018-03-04 17:48:29.610:INFO:osjsh.ContextHandler:main: Started o.s.j.s.ServletContextHandler@7ce026d3{/,null,AVAILABLE}
2018-03-04 17:48:29.668:INFO:osjs.AbstractConnector:main: Started ServerConnector@1b1cfb87{HTTP/1.1,[http/1.1]}{0.0.0.0:4444}
2018-03-04 17:48:29.669:INFO:osjs.Server:main: Started @1956ms
17:48:29.669 INFO - Selenium Server is up and running
